f:\пусть будет\кпо 3 сем\kpo-3-term-master\lab19\lab19\debug\vc142.pdb
f:\пусть будет\кпо 3 сем\kpo-3-term-master\lab19\lab19\debug\vc142.idb
f:\пусть будет\кпо 3 сем\kpo-3-term-master\lab19\lab19\debug\stdafx.obj
f:\пусть будет\кпо 3 сем\kpo-3-term-master\lab19\lab19\debug\lab19.obj
f:\пусть будет\кпо 3 сем\kpo-3-term-master\lab19\lab19\debug\fst.obj
f:\лабы\кпо\19 лаба\lab19\lab19\debug\vc142.pdb
f:\лабы\кпо\19 лаба\lab19\lab19\debug\vc142.idb
f:\лабы\кпо\19 лаба\lab19\lab19\debug\stdafx.obj
f:\лабы\кпо\19 лаба\lab19\lab19\debug\lab19.obj
f:\лабы\кпо\19 лаба\lab19\lab19\debug\fst.obj
f:\пусть будет\кпо 3 сем\kpo-3-term-master\lab19\debug\lab19.exe
f:\пусть будет\кпо 3 сем\kpo-3-term-master\lab19\lab19\debug\lab19.ilk
f:\пусть будет\кпо 3 сем\kpo-3-term-master\lab19\debug\lab19.pdb
f:\лабы\кпо\19 лаба\lab19\debug\lab19.exe
f:\лабы\кпо\19 лаба\lab19\lab19\debug\lab19.ilk
f:\лабы\кпо\19 лаба\lab19\debug\lab19.pdb
f:\лабы\кпо\19 лаба\lab19\lab19\debug\lab19.tlog\cl.command.1.tlog
f:\лабы\кпо\19 лаба\lab19\lab19\debug\lab19.tlog\cl.read.1.tlog
f:\лабы\кпо\19 лаба\lab19\lab19\debug\lab19.tlog\cl.write.1.tlog
f:\лабы\кпо\19 лаба\lab19\lab19\debug\lab19.tlog\link.command.1.tlog
f:\лабы\кпо\19 лаба\lab19\lab19\debug\lab19.tlog\link.read.1.tlog
f:\лабы\кпо\19 лаба\lab19\lab19\debug\lab19.tlog\link.write.1.tlog
