f:\лабы\кпо\20-2\последняя\lab20\lab20\debug\vc142.pdb
f:\лабы\кпо\20-2\последняя\lab20\lab20\debug\vc142.idb
f:\лабы\кпо\20-2\последняя\lab20\lab20\debug\lexanalysis.obj
f:\лабы\кпо\20-2\последняя\lab20\lab20\debug\parm.obj
f:\лабы\кпо\20-2\последняя\lab20\lab20\debug\out.obj
f:\лабы\кпо\20-2\последняя\lab20\lab20\debug\lt.obj
f:\лабы\кпо\20-2\последняя\lab20\lab20\debug\log.obj
f:\лабы\кпо\20-2\последняя\lab20\lab20\debug\lab20.obj
f:\лабы\кпо\20-2\последняя\lab20\lab20\debug\it.obj
f:\лабы\кпо\20-2\последняя\lab20\lab20\debug\in.obj
f:\лабы\кпо\20-2\последняя\lab20\lab20\debug\fst.obj
f:\лабы\кпо\20-2\последняя\lab20\lab20\debug\error.obj
f:\лабы\кпо\20-2\последняя\lab20\lab20\debug\lab20.ilk
f:\лабы\кпо\20-2\последняя\lab20\debug\lab20.exe
f:\лабы\кпо\20-2\последняя\lab20\debug\lab20.pdb
f:\лабы\кпо\20 лаба\последняя\lab20\lab20\debug\error.obj
f:\лабы\кпо\20 лаба\последняя\lab20\lab20\debug\fst.obj
f:\лабы\кпо\20 лаба\последняя\lab20\lab20\debug\in.obj
f:\лабы\кпо\20 лаба\последняя\lab20\lab20\debug\it.obj
f:\лабы\кпо\20 лаба\последняя\lab20\lab20\debug\lab20.obj
f:\лабы\кпо\20 лаба\последняя\lab20\lab20\debug\lexanalysis.obj
f:\лабы\кпо\20 лаба\последняя\lab20\lab20\debug\log.obj
f:\лабы\кпо\20 лаба\последняя\lab20\lab20\debug\lt.obj
f:\лабы\кпо\20 лаба\последняя\lab20\lab20\debug\out.obj
f:\лабы\кпо\20 лаба\последняя\lab20\lab20\debug\parm.obj
f:\лабы\кпо\20 лаба\последняя\lab20\lab20\debug\lab20.ilk
f:\лабы\кпо\20 лаба\последняя\lab20\lab20\debug\vc142.idb
f:\лабы\кпо\20 лаба\последняя\lab20\lab20\debug\vc142.pdb
f:\лабы\кпо\20 лаба\последняя\lab20\debug\lab20.pdb
f:\лабы\кпо\20 лаба\последняя\lab20\debug\lab20.exe
f:\лабы\кпо\20 лаба\последняя\lab20\lab20\debug\lab20.tlog\cl.command.1.tlog
f:\лабы\кпо\20 лаба\последняя\lab20\lab20\debug\lab20.tlog\cl.read.1.tlog
f:\лабы\кпо\20 лаба\последняя\lab20\lab20\debug\lab20.tlog\cl.write.1.tlog
f:\лабы\кпо\20 лаба\последняя\lab20\lab20\debug\lab20.tlog\link.command.1.tlog
f:\лабы\кпо\20 лаба\последняя\lab20\lab20\debug\lab20.tlog\link.read.1.tlog
f:\лабы\кпо\20 лаба\последняя\lab20\lab20\debug\lab20.tlog\link.write.1.tlog
