Microsoft (R) Macro Assembler Version 14.29.30146.0	    09/27/22 11:55:49
Asm03.asm						     Page 1 - 1


				.586
				.model flat, stdcall
				includelib kernel32.lib

				ExitProcess PROTO :DWORD
				MessageBoxA PROTO :DWORD, :DWORD, :DWORD, :DWORD

				.stack 4096

 00000000			.const

 00000000			.data
 00000000 10 20 30 40		   myBytes BYTE 10h, 20h, 30h, 40h
 00000004 008A 003B 0044	   myWords WORD 8Ah, 3Bh, 44h, 5Fh, 99h
	   005F 0099
 0000000E 00000001		   myDoubles DWORD 1, 2, 3, 4, 5, 6
	   00000002
	   00000003
	   00000004
	   00000005
	   00000006
 00000026 0000000E R		   myPointer DWORD myDoubles
 0000002A 00000001		   myarray DD 1, 2, 3, 4, 5, 6, 7
	   00000002
	   00000003
	   00000004
	   00000005
	   00000006
	   00000007
 00000046 00000030		   v DD "0", 0
	   00000000
 0000004E 00000000		   HW DD ?
 00000052 C3 F3 F0 E8 ED	   STR1 byte "Гурина К.С., 2 курс, 4 группа", 0
	   E0 20 CA 2E D1
	   2E 2C 20 32 20
	   EA F3 F0 F1 2C
	   20 34 20 E3 F0
	   F3 EF EF E0 00
 = 00000001			   MB_OK EQU 1

 00000000			.code

 00000000			main PROC
 00000000			start:
 00000000  BE 00000000		    mov ESI, 0
 00000005  8B 86 0000000E R	    mov EAX, myDoubles[ESI]
 0000000B  8B 96 0000000E R	    mov EDX, [myDoubles+ESI]

 00000011  B9 00000007		  	mov ECX,7
 00000016  B8 00000000			mov EAX,0
 0000001B  BA 00000000			mov EDX,0
 00000020			CYCLE:
 00000020  03 82 0000002A R		add EAX,[myarray+EDX]
 00000026  83 BA 0000002A R		cmp [myarray+EDX],0
	   00
 0000002D  74 07			jz jzx
 0000002F			metka:
 0000002F  83 C2 04			add EDX,4
 00000032  E2 EC		loop CYCLE
 00000034  EB 0E			jmp jznx
 00000036			jzx:
 00000036  BB 00000000			mov ebx,0
 0000003B  EB F2			jmp metka
 0000003D			oneebx:
 0000003D  BB 00000001			mov ebx,1
 00000042  EB 05			jmp fin
 00000044			jznx:
 00000044  83 FB 00			cmp ebx,0
 00000047  75 F4			jnz oneebx
 00000049			fin:

 00000049  01 1D 00000046 R		add v,EBX

				    INVOKE MessageBoxA, HW, offset v, offset STR1, MB_OK
				    
 00000066  6A FF		    push -1
 00000068  E8 00000000 E	    call ExitProcess
 0000006D			main ENDP

				end main
Microsoft (R) Macro Assembler Version 14.29.30146.0	    09/27/22 11:55:49
Asm03.asm						     Symbols 2 - 1




Segments and Groups:

                N a m e                 Size     Length   Align   Combine Class

CONST  . . . . . . . . . . . . .	32 Bit	 00000000 Para	  Public  'CONST'	 ReadOnly
FLAT . . . . . . . . . . . . . .	GROUP
STACK  . . . . . . . . . . . . .	32 Bit	 00001000 Para	  Stack	  'STACK'	 
_DATA  . . . . . . . . . . . . .	32 Bit	 00000070 Para	  Public  'DATA'	
_TEXT  . . . . . . . . . . . . .	32 Bit	 0000006D Para	  Public  'CODE'	


Procedures, parameters, and locals:

                N a m e                 Type     Value    Attr

ExitProcess  . . . . . . . . . .	P Near	 00000000 FLAT	Length= 00000000 External STDCALL
MessageBoxA  . . . . . . . . . .	P Near	 00000000 FLAT	Length= 00000000 External STDCALL
main . . . . . . . . . . . . . .	P Near	 00000000 _TEXT	Length= 0000006D Public STDCALL
  start  . . . . . . . . . . . .	L Near	 00000000 _TEXT	
  CYCLE  . . . . . . . . . . . .	L Near	 00000020 _TEXT	
  metka  . . . . . . . . . . . .	L Near	 0000002F _TEXT	
  jzx  . . . . . . . . . . . . .	L Near	 00000036 _TEXT	
  oneebx . . . . . . . . . . . .	L Near	 0000003D _TEXT	
  jznx . . . . . . . . . . . . .	L Near	 00000044 _TEXT	
  fin  . . . . . . . . . . . . .	L Near	 00000049 _TEXT	


Symbols:

                N a m e                 Type     Value    Attr

@CodeSize  . . . . . . . . . . .	Number	 00000000h   
@DataSize  . . . . . . . . . . .	Number	 00000000h   
@Interface . . . . . . . . . . .	Number	 00000003h   
@Model . . . . . . . . . . . . .	Number	 00000007h   
@code  . . . . . . . . . . . . .	Text   	 _TEXT
@data  . . . . . . . . . . . . .	Text   	 FLAT
@fardata?  . . . . . . . . . . .	Text   	 FLAT
@fardata . . . . . . . . . . . .	Text   	 FLAT
@stack . . . . . . . . . . . . .	Text   	 FLAT
HW . . . . . . . . . . . . . . .	DWord	 0000004E _DATA	
MB_OK  . . . . . . . . . . . . .	Number	 00000001h   
STR1 . . . . . . . . . . . . . .	Byte	 00000052 _DATA	
myBytes  . . . . . . . . . . . .	Byte	 00000000 _DATA	
myDoubles  . . . . . . . . . . .	DWord	 0000000E _DATA	
myPointer  . . . . . . . . . . .	DWord	 00000026 _DATA	
myWords  . . . . . . . . . . . .	Word	 00000004 _DATA	
myarray  . . . . . . . . . . . .	DWord	 0000002A _DATA	
v  . . . . . . . . . . . . . . .	DWord	 00000046 _DATA	

	   0 Warnings
	   0 Errors
