f:\пусть будет\кпо 3 сем\kpo-3-term-master\lab18\lab18\debug\vc142.pdb
f:\пусть будет\кпо 3 сем\kpo-3-term-master\lab18\lab18\debug\vc142.idb
f:\пусть будет\кпо 3 сем\kpo-3-term-master\lab18\lab18\debug\polishnotation.obj
f:\пусть будет\кпо 3 сем\kpo-3-term-master\lab18\lab18\debug\lab18.obj
f:\лабы\кпо\18 лаба\lab18\lab18\debug\vc142.pdb
f:\лабы\кпо\18 лаба\lab18\lab18\debug\vc142.idb
f:\лабы\кпо\18 лаба\lab18\lab18\debug\polishnotation.obj
f:\лабы\кпо\18 лаба\lab18\lab18\debug\lab18.obj
f:\пусть будет\кпо 3 сем\kpo-3-term-master\lab18\lab18\debug\lab18.ilk
f:\пусть будет\кпо 3 сем\kpo-3-term-master\lab18\debug\lab18.exe
f:\пусть будет\кпо 3 сем\kpo-3-term-master\lab18\debug\lab18.pdb
f:\лабы\кпо\18 лаба\lab18\debug\lab18.exe
f:\лабы\кпо\18 лаба\lab18\lab18\debug\lab18.ilk
f:\лабы\кпо\18 лаба\lab18\debug\lab18.pdb
f:\лабы\кпо\18 лаба\lab18\lab18\debug\lab18.tlog\cl.command.1.tlog
f:\лабы\кпо\18 лаба\lab18\lab18\debug\lab18.tlog\cl.read.1.tlog
f:\лабы\кпо\18 лаба\lab18\lab18\debug\lab18.tlog\cl.write.1.tlog
f:\лабы\кпо\18 лаба\lab18\lab18\debug\lab18.tlog\link.command.1.tlog
f:\лабы\кпо\18 лаба\lab18\lab18\debug\lab18.tlog\link.read.1.tlog
f:\лабы\кпо\18 лаба\lab18\lab18\debug\lab18.tlog\link.write.1.tlog
